<?xml version="1.0" encoding="UTF-8"?>
<!-- Generated by org.testng.reporters.JUnitXMLReporter -->
<testsuite ignored="0" hostname="LAPTOP-CKKI1M45" failures="0" tests="1" name="Test" time="26.01" errors="0" timestamp="2024-07-11T16:03:36 IST">
  <testcase classname="sauceTestMaven.SwagLabTestNgTestClass" name="@AfterMethod LogoutToApp" time="2.077">
    <failure type="java.lang.NullPointerException">
      <![CDATA[java.lang.NullPointerException
at sauceTestMaven.SwagLabTestNgTestClass.LogoutToApp(SwagLabTestNgTestClass.java:95)
at java.base/java.util.ArrayList.forEach(ArrayList.java:1541)
... Removed 32 stack frames]]>
    </failure>
  </testcase> <!-- @AfterMethod LogoutToApp -->
  <testcase classname="sauceTestMaven.SwagLabTestNgTestClass" name="@AfterClass CloseToBrowser" time="0.0">
    <skipped/>
  </testcase> <!-- @AfterClass CloseToBrowser -->
  <testcase classname="sauceTestMaven.SwagLabTestNgTestClass" name="TestClass" time="1.091"/>
</testsuite> <!-- Test -->
