<?xml version="1.0" encoding="UTF-8"?>
<testng-results ignored="0" total="1" passed="1" failed="0" skipped="0">
  <reporter-output>
  </reporter-output>
  <suite started-at="2024-07-11T16:03:10 IST" name="Suite" finished-at="2024-07-11T16:03:36 IST" duration-ms="26010">
    <groups>
    </groups>
    <test started-at="2024-07-11T16:03:10 IST" name="Test" finished-at="2024-07-11T16:03:36 IST" duration-ms="26010">
      <class name="sauceTestMaven.SwagLabTestNgTestClass">
        <test-method is-config="true" signature="Openbrowser()[pri:0, instance:sauceTestMaven.SwagLabTestNgTestClass@7a5ceedd]" started-at="2024-07-11T16:03:10 IST" name="Openbrowser" finished-at="2024-07-11T16:03:16 IST" duration-ms="5555" status="PASS">
          <reporter-output>
          </reporter-output>
        </test-method> <!-- Openbrowser -->
        <test-method is-config="true" signature="LoginToApp()[pri:0, instance:sauceTestMaven.SwagLabTestNgTestClass@7a5ceedd]" started-at="2024-07-11T16:03:16 IST" name="LoginToApp" finished-at="2024-07-11T16:03:33 IST" duration-ms="17228" status="PASS">
          <reporter-output>
          </reporter-output>
        </test-method> <!-- LoginToApp -->
        <test-method signature="TestClass()[pri:0, instance:sauceTestMaven.SwagLabTestNgTestClass@7a5ceedd]" started-at="2024-07-11T16:03:33 IST" name="TestClass" finished-at="2024-07-11T16:03:34 IST" duration-ms="1091" status="PASS">
          <reporter-output>
          </reporter-output>
        </test-method> <!-- TestClass -->
        <test-method is-config="true" signature="LogoutToApp(org.testng.ITestResult)[pri:0, instance:sauceTestMaven.SwagLabTestNgTestClass@7a5ceedd]" started-at="2024-07-11T16:03:34 IST" name="LogoutToApp" finished-at="2024-07-11T16:03:36 IST" duration-ms="2077" status="FAIL">
          <params>
            <param index="0">
              <value>
                <![CDATA[[TestResult name=TestClass status=SUCCESS method=SwagLabTestNgTestClass.TestClass()[pri:0, instance:sauceTestMaven.SwagLabTestNgTestClass@7a5ceedd] output={null}]]]>
              </value>
            </param>
          </params>
          <exception class="java.lang.NullPointerException">
            <full-stacktrace>
              <![CDATA[java.lang.NullPointerException
at sauceTestMaven.SwagLabTestNgTestClass.LogoutToApp(SwagLabTestNgTestClass.java:95)
at java.base/jdk.internal.reflect.NativeMethodAccessorImpl.invoke0(Native Method)
at java.base/jdk.internal.reflect.NativeMethodAccessorImpl.invoke(NativeMethodAccessorImpl.java:62)
at java.base/jdk.internal.reflect.DelegatingMethodAccessorImpl.invoke(DelegatingMethodAccessorImpl.java:43)
at java.base/java.lang.reflect.Method.invoke(Method.java:566)
at org.testng.internal.invokers.MethodInvocationHelper.invokeMethod(MethodInvocationHelper.java:141)
at org.testng.internal.invokers.MethodInvocationHelper.invokeMethodConsideringTimeout(MethodInvocationHelper.java:71)
at org.testng.internal.invokers.ConfigInvoker.invokeConfigurationMethod(ConfigInvoker.java:400)
at org.testng.internal.invokers.ConfigInvoker.invokeConfigurations(ConfigInvoker.java:333)
at org.testng.internal.invokers.TestInvoker.runConfigMethods(TestInvoker.java:833)
at org.testng.internal.invokers.TestInvoker.runAfterConfigurations(TestInvoker.java:802)
at org.testng.internal.invokers.TestInvoker.invokeMethod(TestInvoker.java:778)
at org.testng.internal.invokers.TestInvoker.invokeTestMethod(TestInvoker.java:230)
at org.testng.internal.invokers.MethodRunner.runInSequence(MethodRunner.java:63)
at org.testng.internal.invokers.TestInvoker$MethodInvocationAgent.invoke(TestInvoker.java:992)
at org.testng.internal.invokers.TestInvoker.invokeTestMethods(TestInvoker.java:203)
at org.testng.internal.invokers.TestMethodWorker.invokeTestMethods(TestMethodWorker.java:154)
at org.testng.internal.invokers.TestMethodWorker.run(TestMethodWorker.java:134)
at java.base/java.util.ArrayList.forEach(ArrayList.java:1541)
at org.testng.TestRunner.privateRun(TestRunner.java:739)
at org.testng.TestRunner.run(TestRunner.java:614)
at org.testng.SuiteRunner.runTest(SuiteRunner.java:421)
at org.testng.SuiteRunner.runSequentially(SuiteRunner.java:413)
at org.testng.SuiteRunner.privateRun(SuiteRunner.java:373)
at org.testng.SuiteRunner.run(SuiteRunner.java:312)
at org.testng.SuiteRunnerWorker.runSuite(SuiteRunnerWorker.java:52)
at org.testng.SuiteRunnerWorker.run(SuiteRunnerWorker.java:95)
at org.testng.TestNG.runSuitesSequentially(TestNG.java:1274)
at org.testng.TestNG.runSuitesLocally(TestNG.java:1208)
at org.testng.TestNG.runSuites(TestNG.java:1112)
at org.testng.TestNG.run(TestNG.java:1079)
at org.testng.remote.AbstractRemoteTestNG.run(AbstractRemoteTestNG.java:115)
at org.testng.remote.RemoteTestNG.initAndRun(RemoteTestNG.java:293)
at org.testng.remote.RemoteTestNG.main(RemoteTestNG.java:91)
]]>
            </full-stacktrace>
          </exception> <!-- java.lang.NullPointerException -->
          <reporter-output>
          </reporter-output>
        </test-method> <!-- LogoutToApp -->
        <test-method is-config="true" signature="CloseToBrowser()[pri:0, instance:sauceTestMaven.SwagLabTestNgTestClass@7a5ceedd]" started-at="2024-07-11T16:03:36 IST" name="CloseToBrowser" finished-at="2024-07-11T16:03:36 IST" duration-ms="0" status="SKIP">
          <reporter-output>
          </reporter-output>
        </test-method> <!-- CloseToBrowser -->
      </class> <!-- sauceTestMaven.SwagLabTestNgTestClass -->
    </test> <!-- Test -->
  </suite> <!-- Suite -->
</testng-results>
